This is pdfTeX, Version 3.14159265-2.6-1.40.19 (TeX Live 2018) (preloaded format=pdflatex 2018.6.9)  11 JUN 2018 12:01
entering extended mode
 restricted \write18 enabled.
 file:line:error style messages enabled.
 %&-line parsing enabled.
**digitale-bedingungen.tex
(./digitale-bedingungen.tex
LaTeX2e <2018-04-01> patch level 5
(../praambel/praambel.tex
(/usr/local/texlive/2018/texmf-dist/tex/latex/koma-script/scrreprt.cls
Document Class: scrreprt 2018/03/30 v3.25 KOMA-Script document class (report)
(/usr/local/texlive/2018/texmf-dist/tex/latex/koma-script/scrkbase.sty
Package: scrkbase 2018/03/30 v3.25 KOMA-Script package (KOMA-Script-dependent b
asics and keyval usage)

(/usr/local/texlive/2018/texmf-dist/tex/latex/koma-script/scrbase.sty
Package: scrbase 2018/03/30 v3.25 KOMA-Script package (KOMA-Script-independent 
basics and keyval usage)

(/usr/local/texlive/2018/texmf-dist/tex/latex/graphics/keyval.sty
Package: keyval 2014/10/28 v1.15 key=value parser (DPC)
\KV@toks@=\toks14
)
(/usr/local/texlive/2018/texmf-dist/tex/latex/koma-script/scrlfile.sty
Package: scrlfile 2018/03/30 v3.25 KOMA-Script package (loading files)
)))
(/usr/local/texlive/2018/texmf-dist/tex/latex/koma-script/tocbasic.sty
Package: tocbasic 2018/03/30 v3.25 KOMA-Script package (handling toc-files)
\scr@dte@tocline@numberwidth=\skip41
\scr@dte@tocline@numbox=\box26
)
Package tocbasic Info: omitting babel extension for `toc'
(tocbasic)             because of feature `nobabel' available
(tocbasic)             for `toc' on input line 136.
Package tocbasic Info: defining new hook before heading of `' on input line 166
7.
Package scrreprt Info: You've used standard option `12pt'.
(scrreprt)             This is correct!
(scrreprt)             Internally I'm using `fontsize=12pt'.
(scrreprt)             If you'd like to set the option with \KOMAoptions,
(scrreprt)             you'd have to use `fontsize=12pt' there
(scrreprt)             instead of `12pt', too.
Class scrreprt Info: File `scrsize12pt.clo' used to setup font sizes on input l
ine 2328.

(/usr/local/texlive/2018/texmf-dist/tex/latex/koma-script/scrsize12pt.clo
File: scrsize12pt.clo 2018/03/30 v3.25 KOMA-Script font size class option (12pt
)
)
(/usr/local/texlive/2018/texmf-dist/tex/latex/koma-script/typearea.sty
Package: typearea 2018/03/30 v3.25 KOMA-Script package (type area)
\ta@bcor=\skip42
\ta@div=\count80
Package typearea Info: You've used standard option `a4paper'.
(typearea)             This is correct!
(typearea)             Internally I'm using `paper=a4'.
(typearea)             If you'd like to set the option with \KOMAoptions,
(typearea)             you'd have to use `paper=a4' there
(typearea)             instead of `a4paper', too.
\ta@hblk=\skip43
\ta@vblk=\skip44
\ta@temp=\skip45
\footheight=\skip46
Package typearea Info: These are the values describing the layout:
(typearea)             DIV  = 12
(typearea)             BCOR = 0.0pt
(typearea)             \paperwidth      = 597.50793pt
(typearea)              \textwidth      = 448.13095pt
(typearea)              DIV departure   = -6%
(typearea)              \evensidemargin = 2.4185pt
(typearea)              \oddsidemargin  = 2.4185pt
(typearea)             \paperheight     = 845.04694pt
(typearea)              \textheight     = 606.5pt
(typearea)              \topmargin      = -1.84941pt
(typearea)              \headheight     = 18.125pt
(typearea)              \headsep        = 21.75pt
(typearea)              \topskip        = 12.0pt
(typearea)              \footskip       = 50.75pt
(typearea)              \baselineskip   = 14.5pt
(typearea)              on input line 1706.
)
\c@part=\count81
\c@chapter=\count82
\c@section=\count83
\c@subsection=\count84
\c@subsubsection=\count85
\c@paragraph=\count86
\c@subparagraph=\count87
\scr@dte@part@maxnumwidth=\skip47
\scr@dte@chapter@maxnumwidth=\skip48
\scr@dte@section@maxnumwidth=\skip49
\scr@dte@subsection@maxnumwidth=\skip50
\scr@dte@subsubsection@maxnumwidth=\skip51
\scr@dte@paragraph@maxnumwidth=\skip52
\scr@dte@subparagraph@maxnumwidth=\skip53
\abovecaptionskip=\skip54
\belowcaptionskip=\skip55
\c@pti@nb@sid@b@x=\box27
\scr@dte@figure@maxnumwidth=\skip56
Package tocbasic Info: omitting babel extension for `lof'
(tocbasic)             because of feature `nobabel' available
(tocbasic)             for `lof' on input line 6247.
\c@figure=\count88
\scr@dte@table@maxnumwidth=\skip57
Package tocbasic Info: omitting babel extension for `lot'
(tocbasic)             because of feature `nobabel' available
(tocbasic)             for `lot' on input line 6264.
\c@table=\count89
Class scrreprt Info: Redefining `\numberline' on input line 6433.
\bibindent=\dimen102
)
(/usr/local/texlive/2018/texmf-dist/tex/latex/geometry/geometry.sty
Package: geometry 2018/04/16 v5.8 Page Geometry

(/usr/local/texlive/2018/texmf-dist/tex/generic/oberdiek/ifpdf.sty
Package: ifpdf 2017/03/15 v3.2 Provides the ifpdf switch
)
(/usr/local/texlive/2018/texmf-dist/tex/generic/oberdiek/ifvtex.sty
Package: ifvtex 2016/05/16 v1.6 Detect VTeX and its facilities (HO)
Package ifvtex Info: VTeX not detected.
)
(/usr/local/texlive/2018/texmf-dist/tex/generic/ifxetex/ifxetex.sty
Package: ifxetex 2010/09/12 v0.6 Provides ifxetex conditional
)
\Gm@cnth=\count90
\Gm@cntv=\count91
\c@Gm@tempcnt=\count92
\Gm@bindingoffset=\dimen103
\Gm@wd@mp=\dimen104
\Gm@odd@mp=\dimen105
\Gm@even@mp=\dimen106
\Gm@layoutwidth=\dimen107
\Gm@layoutheight=\dimen108
\Gm@layouthoffset=\dimen109
\Gm@layoutvoffset=\dimen110
\Gm@dimlist=\toks15
)
(/usr/local/texlive/2018/texmf-dist/tex/generic/babel/babel.sty
Package: babel 2018/06/05 3.22 The Babel package

(/usr/local/texlive/2018/texmf-dist/tex/generic/babel/switch.def
File: switch.def 2018/06/05 3.22 Babel switching mechanism
)
(/usr/local/texlive/2018/texmf-dist/tex/generic/babel-german/ngerman.ldf
Language: ngerman 2018/03/29 v2.10 German support for babel (post-1996 orthogra
phy)

(/usr/local/texlive/2018/texmf-dist/tex/generic/babel-german/ngermanb.ldf
Language: ngermanb 2018/03/29 v2.10 German support for babel (post-1996 orthogr
aphy)

(/usr/local/texlive/2018/texmf-dist/tex/generic/babel/babel.def
File: babel.def 2018/06/05 3.22 Babel common definitions
\babel@savecnt=\count93
\U@D=\dimen111

(/usr/local/texlive/2018/texmf-dist/tex/generic/babel/txtbabel.def)
\bbl@dirlevel=\count94
)
Package babel Info: Making " an active character on input line 121.
)))
(/usr/local/texlive/2018/texmf-dist/tex/latex/base/fontenc.sty
Package: fontenc 2017/04/05 v2.0i Standard LaTeX package

(/usr/local/texlive/2018/texmf-dist/tex/latex/base/t1enc.def
File: t1enc.def 2017/04/05 v2.0i Standard LaTeX file
LaTeX Font Info:    Redeclaring font encoding T1 on input line 48.
))
(/usr/local/texlive/2018/texmf-dist/tex/latex/base/inputenc.sty
Package: inputenc 2018/04/06 v1.3b Input encoding file
\inpenc@prehook=\toks16
\inpenc@posthook=\toks17
)
(/usr/local/texlive/2018/texmf-dist/tex/latex/markdown/markdown.sty
(/usr/local/texlive/2018/texmf-dist/tex/latex/url/url.sty
\Urlmuskip=\muskip10
Package: url 2013/09/16  ver 3.4  Verb mode for urls, etc.
)
(/usr/local/texlive/2018/texmf-dist/tex/latex/graphics/graphicx.sty
Package: graphicx 2017/06/01 v1.1a Enhanced LaTeX Graphics (DPC,SPQR)

(/usr/local/texlive/2018/texmf-dist/tex/latex/graphics/graphics.sty
Package: graphics 2017/06/25 v1.2c Standard LaTeX Graphics (DPC,SPQR)

(/usr/local/texlive/2018/texmf-dist/tex/latex/graphics/trig.sty
Package: trig 2016/01/03 v1.10 sin cos tan (DPC)
)
(/usr/local/texlive/2018/texmf-dist/tex/latex/graphics-cfg/graphics.cfg
File: graphics.cfg 2016/06/04 v1.11 sample graphics configuration
)
Package graphics Info: Driver file: pdftex.def on input line 99.

(/usr/local/texlive/2018/texmf-dist/tex/latex/graphics-def/pdftex.def
File: pdftex.def 2018/01/08 v1.0l Graphics/color driver for pdftex
))
\Gin@req@height=\dimen112
\Gin@req@width=\dimen113
)
(/usr/local/texlive/2018/texmf-dist/tex/latex/base/ifthen.sty
Package: ifthen 2014/09/29 v1.1c Standard LaTeX ifthen package (DPC)
)
(/usr/local/texlive/2018/texmf-dist/tex/latex/fancyvrb/fancyvrb.sty
Package: fancyvrb 2008/02/07

Style option: `fancyvrb' v2.7a, with DG/SPQR fixes, and firstline=lastline fix 
<2008/02/07> (tvz)
\FV@CodeLineNo=\count95
\FV@InFile=\read1
\FV@TabBox=\box28
\c@FancyVerbLine=\count96
\FV@StepNumber=\count97
\FV@OutFile=\write3
)
(/usr/local/texlive/2018/texmf-dist/tex/latex/csvsimple/csvsimple.sty
Package: csvsimple 2016/07/01 version 1.20 LaTeX CSV file processing

(/usr/local/texlive/2018/texmf-dist/tex/latex/pgf/utilities/pgfkeys.sty
(/usr/local/texlive/2018/texmf-dist/tex/generic/pgf/utilities/pgfkeys.code.tex
\pgfkeys@pathtoks=\toks18
\pgfkeys@temptoks=\toks19

(/usr/local/texlive/2018/texmf-dist/tex/generic/pgf/utilities/pgfkeysfiltered.c
ode.tex
\pgfkeys@tmptoks=\toks20
))) (/usr/local/texlive/2018/texmf-dist/tex/latex/etoolbox/etoolbox.sty
Package: etoolbox 2018/02/11 v2.5e e-TeX tools for LaTeX (JAW)
\etb@tempcnta=\count98
) (/usr/local/texlive/2018/texmf-dist/tex/latex/tools/shellesc.sty
Package: shellesc 2016/06/07 v0.02a unified shell escape interface for LaTeX
Package shellesc Info: Restricted shell escape enabled on input line 69.
)
\csv@file=\read2
\c@csvinputline=\count99
\c@csvrow=\count100
\c@csvcol=\count101
\csv@out=\write4
)
(/usr/local/texlive/2018/texmf-dist/tex/generic/markdown/markdown.tex
\markdownInputFileStream=\read3
\markdownOutputFileStream=\write5
(l.491) markdown.tex info: Using mode 0: Shell escape via write18.
)
Package: markdown 2018/04/08 v2.5.6 markdown renderer

(/usr/local/texlive/2018/texmf-dist/tex/latex/paralist/paralist.sty
Package: paralist 2017/01/22 v2.7 Extended list environments
\pltopsep=\skip58
\plpartopsep=\skip59
\plitemsep=\skip60
\plparsep=\skip61
\pl@lab=\toks21
)
\markdownLaTeXCitationsCounter=\count102
)
(/usr/local/texlive/2018/texmf-dist/tex/latex/tools/tabularx.sty
Package: tabularx 2016/02/03 v2.11b `tabularx' package (DPC)

(/usr/local/texlive/2018/texmf-dist/tex/latex/tools/array.sty
Package: array 2018/04/30 v2.4h Tabular extension package (FMi)
\col@sep=\dimen114
\ar@mcellbox=\box29
\extrarowheight=\dimen115
\NC@list=\toks22
\extratabsurround=\skip62
\backup@length=\skip63
\ar@cellbox=\box30
)
\TX@col@width=\dimen116
\TX@old@table=\dimen117
\TX@old@col=\dimen118
\TX@target=\dimen119
\TX@delta=\dimen120
\TX@cols=\count103
\TX@ftn=\toks23
)
(/usr/local/texlive/2018/texmf-dist/tex/latex/docmute/docmute.sty
Package: docmute 2012/03/22 v1.4 Input stand-alone documents
)
(/usr/local/texlive/2018/texmf-dist/tex/latex/csquotes/csquotes.sty
Package: csquotes 2018/04/13 v5.2d context-sensitive quotations (JAW)
\csq@reset=\count104
\csq@gtype=\count105
\csq@glevel=\count106
\csq@qlevel=\count107
\csq@maxlvl=\count108
\csq@tshold=\count109
\csq@ltx@everypar=\toks24

(/usr/local/texlive/2018/texmf-dist/tex/latex/csquotes/csquotes.def
File: csquotes.def 2018/04/13 v5.2d csquotes generic definitions (JAW)
)
Package csquotes Info: Trying to load configuration file 'csquotes.cfg'...
Package csquotes Info: ... configuration file loaded successfully.

(/usr/local/texlive/2018/texmf-dist/tex/latex/csquotes/csquotes.cfg
File: csquotes.cfg 
))
(/usr/local/texlive/2018/texmf-dist/tex/latex/framed/framed.sty
Package: framed 2011/10/22 v 0.96: framed or shaded text with page breaks
\OuterFrameSep=\skip64
\fb@frw=\dimen121
\fb@frh=\dimen122
\FrameRule=\dimen123
\FrameSep=\dimen124
)
(/usr/local/texlive/2018/texmf-dist/tex/latex/xcolor/xcolor.sty
Package: xcolor 2016/05/11 v2.12 LaTeX color extensions (UK)

(/usr/local/texlive/2018/texmf-dist/tex/latex/graphics-cfg/color.cfg
File: color.cfg 2016/01/02 v1.6 sample color configuration
)
Package xcolor Info: Driver file: pdftex.def on input line 225.
Package xcolor Info: Model `cmy' substituted by `cmy0' on input line 1348.
Package xcolor Info: Model `hsb' substituted by `rgb' on input line 1352.
Package xcolor Info: Model `RGB' extended on input line 1364.
Package xcolor Info: Model `HTML' substituted by `rgb' on input line 1366.
Package xcolor Info: Model `Hsb' substituted by `hsb' on input line 1367.
Package xcolor Info: Model `tHsb' substituted by `hsb' on input line 1368.
Package xcolor Info: Model `HSB' substituted by `hsb' on input line 1369.
Package xcolor Info: Model `Gray' substituted by `gray' on input line 1370.
Package xcolor Info: Model `wave' substituted by `hsb' on input line 1371.
)
(/usr/local/texlive/2018/texmf-dist/tex/latex/chngcntr/chngcntr.sty
Package: chngcntr 2018/04/09 v1.1a change counter resetting
Package chngcntr Info: \counterwithout already defined.
(chngcntr)             Quitting chngcntr on input line 21.
)
(/usr/local/texlive/2018/texmf-dist/tex/latex/setspace/setspace.sty
Package: setspace 2011/12/19 v6.7a set line spacing
)
(/usr/local/texlive/2018/texmf-dist/tex/latex/pdfpages/pdfpages.sty
Package: pdfpages 2017/10/31 v0.5l Insert pages of external PDF documents (AM)

(/usr/local/texlive/2018/texmf-dist/tex/latex/tools/calc.sty
Package: calc 2017/05/25 v4.3 Infix arithmetic (KKT,FJ)
\calc@Acount=\count110
\calc@Bcount=\count111
\calc@Adimen=\dimen125
\calc@Bdimen=\dimen126
\calc@Askip=\skip65
\calc@Bskip=\skip66
LaTeX Info: Redefining \setlength on input line 80.
LaTeX Info: Redefining \addtolength on input line 81.
\calc@Ccount=\count112
\calc@Cskip=\skip67
)
(/usr/local/texlive/2018/texmf-dist/tex/latex/eso-pic/eso-pic.sty
Package: eso-pic 2018/04/12 v2.0h eso-pic (RN)

(/usr/local/texlive/2018/texmf-dist/tex/generic/oberdiek/atbegshi.sty
Package: atbegshi 2016/06/09 v1.18 At begin shipout hook (HO)

(/usr/local/texlive/2018/texmf-dist/tex/generic/oberdiek/infwarerr.sty
Package: infwarerr 2016/05/16 v1.4 Providing info/warning/error messages (HO)
)
(/usr/local/texlive/2018/texmf-dist/tex/generic/oberdiek/ltxcmds.sty
Package: ltxcmds 2016/05/16 v1.23 LaTeX kernel commands for general use (HO)
)))
\AM@pagewidth=\dimen127
\AM@pageheight=\dimen128

(/usr/local/texlive/2018/texmf-dist/tex/latex/pdfpages/pppdftex.def
File: pppdftex.def 2017/10/31 v0.5l Pdfpages driver for pdfTeX (AM)
)
\AM@pagebox=\box31
\AM@global@opts=\toks25
\AM@toc@title=\toks26
\c@AM@survey=\count113
\AM@templatesizebox=\box32
)
(/usr/local/texlive/2018/texmf-dist/tex/latex/listings/listings.sty
\lst@mode=\count114
\lst@gtempboxa=\box33
\lst@token=\toks27
\lst@length=\count115
\lst@currlwidth=\dimen129
\lst@column=\count116
\lst@pos=\count117
\lst@lostspace=\dimen130
\lst@width=\dimen131
\lst@newlines=\count118
\lst@lineno=\count119
\lst@maxwidth=\dimen132

(/usr/local/texlive/2018/texmf-dist/tex/latex/listings/lstmisc.sty
File: lstmisc.sty 2015/06/04 1.6 (Carsten Heinz)
\c@lstnumber=\count120
\lst@skipnumbers=\count121
\lst@framebox=\box34
)
(/usr/local/texlive/2018/texmf-dist/tex/latex/listings/listings.cfg
File: listings.cfg 2015/06/04 1.6 listings configuration
))
Package: listings 2015/06/04 1.6 (Carsten Heinz)

(/usr/local/texlive/2018/texmf-dist/tex/latex/listings/lstlang1.sty
File: lstlang1.sty 2015/06/04 1.6 listings language file
)
(/usr/local/texlive/2018/texmf-dist/tex/latex/listings/lstlang2.sty
File: lstlang2.sty 2015/06/04 1.6 listings language file
)
(/usr/local/texlive/2018/texmf-dist/tex/latex/listings/lstlang1.sty
File: lstlang1.sty 2015/06/04 1.6 listings language file
)
(/usr/local/texlive/2018/texmf-dist/tex/latex/listings/lstlang1.sty
File: lstlang1.sty 2015/06/04 1.6 listings language file
)
(/usr/local/texlive/2018/texmf-dist/tex/latex/listings/lstmisc.sty
File: lstmisc.sty 2015/06/04 1.6 (Carsten Heinz)
)
(/usr/local/texlive/2018/texmf-dist/tex/latex/caption/caption.sty
Package: caption 2018/05/01 v3.3-147 Customizing captions (AR)

(/usr/local/texlive/2018/texmf-dist/tex/latex/caption/caption3.sty
Package: caption3 2018/05/27 v1.8a caption3 kernel (AR)
Package caption3 Info: TeX engine: e-TeX on input line 64.
\captionmargin=\dimen133
\captionmargin@=\dimen134
\captionwidth=\dimen135
\caption@tempdima=\dimen136
\caption@indent=\dimen137
\caption@parindent=\dimen138
\caption@hangindent=\dimen139
)
Package caption Info: KOMA-Script document class.
\c@ContinuedFloat=\count122
Package caption Info: listings package is loaded.
)
(/usr/local/texlive/2018/texmf-dist/tex/latex/lastpage/lastpage.sty
Package: lastpage 2015/03/29 v1.2m Refers to last page's name (HMM; JPG)
)

Class scrreprt Warning: Usage of package `fancyhdr' together
(scrreprt)              with a KOMA-Script class is not recommended.
(scrreprt)              I'd suggest to use 
(scrreprt)              package `scrlayer' or `scrlayer-scrpage', because
(scrreprt)              they support KOMA-Script classes.
(scrreprt)              With `fancyhdr' several features of class `scrreprt'
(scrreprt)              like options `headsepline', `footsepline' or command
(scrreprt)              `\MakeMarkcase' and the commands `\setkomafont' and
(scrreprt)              `\addtokomafont' for the page style elements need
(scrreprt)              explicite user intervention to work.
(scrreprt)              Nevertheless, using requested
(scrreprt)              package `fancyhdr' on input line 105.

(/usr/local/texlive/2018/texmf-dist/tex/latex/fancyhdr/fancyhdr.sty
Package: fancyhdr 2017/06/30 v3.9a Extensive control of page headers and footer
s
\f@nch@headwidth=\skip68
\f@nch@O@elh=\skip69
\f@nch@O@erh=\skip70
\f@nch@O@olh=\skip71
\f@nch@O@orh=\skip72
\f@nch@O@elf=\skip73
\f@nch@O@erf=\skip74
\f@nch@O@olf=\skip75
\f@nch@O@orf=\skip76
)
(/usr/local/texlive/2018/texmf-dist/tex/latex/pslatex/pslatex.sty
Package: pslatex 1996/07/24 v1.2 pslatex emulation (DPC)
LaTeX Font Info:    Redeclaring symbol font `operators' on input line 65.
LaTeX Font Info:    Overwriting symbol font `operators' in version `normal'
(Font)                  OT1/cmr/m/n --> OT1/ptmcm/m/n on input line 65.
LaTeX Font Info:    Overwriting symbol font `operators' in version `bold'
(Font)                  OT1/cmr/bx/n --> OT1/ptmcm/m/n on input line 65.
LaTeX Font Info:    Redeclaring symbol font `letters' on input line 66.
LaTeX Font Info:    Overwriting symbol font `letters' in version `normal'
(Font)                  OML/cmm/m/it --> OML/ptmcm/m/it on input line 66.
LaTeX Font Info:    Overwriting symbol font `letters' in version `bold'
(Font)                  OML/cmm/b/it --> OML/ptmcm/m/it on input line 66.
LaTeX Font Info:    Redeclaring symbol font `symbols' on input line 67.
LaTeX Font Info:    Overwriting symbol font `symbols' in version `normal'
(Font)                  OMS/cmsy/m/n --> OMS/pzccm/m/n on input line 67.
LaTeX Font Info:    Overwriting symbol font `symbols' in version `bold'
(Font)                  OMS/cmsy/b/n --> OMS/pzccm/m/n on input line 67.
LaTeX Font Info:    Redeclaring symbol font `largesymbols' on input line 68.
LaTeX Font Info:    Overwriting symbol font `largesymbols' in version `normal'
(Font)                  OMX/cmex/m/n --> OMX/psycm/m/n on input line 68.
LaTeX Font Info:    Overwriting symbol font `largesymbols' in version `bold'
(Font)                  OMX/cmex/m/n --> OMX/psycm/m/n on input line 68.
\symbold=\mathgroup4
\symitalic=\mathgroup5
LaTeX Font Info:    Redeclaring math alphabet \mathbf on input line 74.
LaTeX Font Info:    Overwriting math alphabet `\mathbf' in version `normal'
(Font)                  OT1/cmr/bx/n --> OT1/ptm/bx/n on input line 74.
LaTeX Font Info:    Overwriting math alphabet `\mathbf' in version `bold'
(Font)                  OT1/cmr/bx/n --> OT1/ptm/bx/n on input line 74.
LaTeX Font Info:    Redeclaring math alphabet \mathit on input line 75.
LaTeX Font Info:    Overwriting math alphabet `\mathit' in version `normal'
(Font)                  OT1/cmr/m/it --> OT1/ptm/m/it on input line 75.
LaTeX Font Info:    Overwriting math alphabet `\mathit' in version `bold'
(Font)                  OT1/cmr/bx/it --> OT1/ptm/m/it on input line 75.
)
(/usr/local/texlive/2018/texmf-dist/tex/latex/booktabs/booktabs.sty
Package: booktabs 2016/04/27 v1.618033 publication quality tables
\heavyrulewidth=\dimen140
\lightrulewidth=\dimen141
\cmidrulewidth=\dimen142
\belowrulesep=\dimen143
\belowbottomsep=\dimen144
\aboverulesep=\dimen145
\abovetopsep=\dimen146
\cmidrulesep=\dimen147
\cmidrulekern=\dimen148
\defaultaddspace=\dimen149
\@cmidla=\count123
\@cmidlb=\count124
\@aboverulesep=\dimen150
\@belowrulesep=\dimen151
\@thisruleclass=\count125
\@lastruleclass=\count126
\@thisrulewidth=\dimen152
)
(/usr/local/texlive/2018/texmf-dist/tex/latex/multirow/multirow.sty
Package: multirow 2016/11/25 v2.2 Span multiple rows of a table
\multirow@colwidth=\skip77
\multirow@cntb=\count127
\multirow@dima=\skip78
\bigstrutjot=\dimen153
)
(/usr/local/texlive/2018/texmf-dist/tex/latex/lineno/lineno.sty
Package: lineno 2005/11/02 line numbers on paragraphs v4.41
\linenopenalty=\count128
\output=\toks28
\linenoprevgraf=\count129
\linenumbersep=\dimen154
\linenumberwidth=\dimen155
\c@linenumber=\count130
\c@pagewiselinenumber=\count131
\c@LN@truepage=\count132
\c@internallinenumber=\count133
\c@internallinenumbers=\count134
\quotelinenumbersep=\dimen156
\bframerule=\dimen157
\bframesep=\dimen158
\bframebox=\box35


LaTeX Warning: Command \@parboxrestore  has changed.
               Check if current package is valid.

LaTeX Info: Redefining \\ on input line 3056.
) (/usr/local/texlive/2018/texmf-dist/tex/latex/carlisle/remreset.sty

Package remreset Warning: The remreset package is obsolete:
(remreset)                \@removefomresset is defined.

)

Class scrreprt Warning: Usage of package `minitoc' together
(scrreprt)              with a KOMA-Script class is not recommended.
(scrreprt)              Nevertheless, using requested
(scrreprt)              package `minitoc' on input line 120.

(/usr/local/texlive/2018/texmf-dist/tex/latex/minitoc/minitoc.sty
Package: minitoc 2015/07/13 v61 Package minitoc

(/usr/local/texlive/2018/texmf-dist/tex/latex/minitoc/mtcmess.sty
Package: mtcmess 2006/03/14
)
Package minitoc Info: I0001
(minitoc)             *** minitoc package, version 61 ***.
\tf@mtc=\write6
\mtcindent=\skip79
\mtcskipamount=\skip80
Package minitoc Info: I0005
(minitoc)             compatible with hyperref.
Package minitoc Info: I0023
(minitoc)             part level macros available.
Package minitoc Info: I0003
(minitoc)             chapter level macros available.
\mtc@toks=\toks29
\mtc@strutbox=\box36
\mtc@hstrutbox=\box37
Package minitoc Info: I0002
(minitoc)             Autoconfiguration of extensions.
\openout6 = `digitale-bedingungen.mtc0'.

\openout6 = `digitale-bedingungen.mtc'.


(./digitale-bedingungen.mtc0)
Package minitoc Info: I0012
(minitoc)             Long extensions (Unix-like) will be used.
Package minitoc Info: I0031
(minitoc)             ==> this version is configured for UNIX-like 
(minitoc)                 (long extensions) file names.
\openout6 = `digitale-bedingungen.mtc'.

\openout6 = `digitale-bedingungen.mtc0'.

\c@mtc=\count135
\c@minitocdepth=\count136
\c@ptc=\count137
\c@parttocdepth=\count138
\ptcindent=\skip81
Package minitoc Info: I0010
(minitoc)             The english language is selected.
(minitoc)              on input line 4909.

(/usr/local/texlive/2018/texmf-dist/tex/latex/minitoc/english.mld
File: english.mld 2006/01/13
)
(/usr/local/texlive/2018/texmf-dist/tex/latex/minitoc/english.mld
File: english.mld 2006/01/13
))
Class scrreprt Info: Deactivating the `minitoc' workaround for `\@sect',
(scrreprt)           because it is not needed on input line 120.

(/usr/local/texlive/2018/texmf-dist/tex/latex/ms/ragged2e.sty
Package: ragged2e 2009/05/21 v2.1 ragged2e Package (MS)

(/usr/local/texlive/2018/texmf-dist/tex/latex/ms/everysel.sty
Package: everysel 2011/10/28 v1.2 EverySelectfont Package (MS)
)
\CenteringLeftskip=\skip82
\RaggedLeftLeftskip=\skip83
\RaggedRightLeftskip=\skip84
\CenteringRightskip=\skip85
\RaggedLeftRightskip=\skip86
\RaggedRightRightskip=\skip87
\CenteringParfillskip=\skip88
\RaggedLeftParfillskip=\skip89
\RaggedRightParfillskip=\skip90
\JustifyingParfillskip=\skip91
\CenteringParindent=\skip92
\RaggedLeftParindent=\skip93
\RaggedRightParindent=\skip94
\JustifyingParindent=\skip95
)
(/usr/local/texlive/2018/texmf-dist/tex/latex/jurabib/jurabib.sty
Package: jurabib 2004/01/25 v0.6 Extended citations
\c@ibidem@author=\count139
\c@multiple@author=\count140
LaTeX Info: Redefining \jbarchnameformat on input line 945.
\jb@subarchitemwidth=\skip96
\jb@subarchentrywidth=\skip97
LaTeX Info: Redefining \jbapifont on input line 1216.
\jb@urlfile=\write7

(./digitale-bedingungen.url)
\jb@tempfile=\read4
\openout7 = `digitale-bedingungen.url'.

\c@jbbibcnt=\count141
\c@jbbibcnta=\count142
\c@idemcnt=\count143
\c@bibnamereplace=\count144
\c@citefull=\count145
\c@opcit=\count146
\c@jb@cites@in@footnote=\count147
\jbbibhang=\skip98
\bibnumberwidth=\skip99
\jb@biblaw@entry@width=\skip100
\jb@biblaw@item@width=\skip101
LaTeX Font Info:    Try loading font information for OT1+ptmcm on input line 34
38.

(/usr/local/texlive/2018/texmf-dist/tex/latex/psnfss/ot1ptmcm.fd
File: ot1ptmcm.fd 2000/01/03 Fontinst v1.801 font definitions for OT1/ptmcm.
)
LaTeX Font Info:    Try loading font information for OML+ptmcm on input line 34
38.

(/usr/local/texlive/2018/texmf-dist/tex/latex/psnfss/omlptmcm.fd
File: omlptmcm.fd 2000/01/03 Fontinst v1.801 font definitions for OML/ptmcm.
)
LaTeX Font Info:    Try loading font information for OMS+pzccm on input line 34
38.

(/usr/local/texlive/2018/texmf-dist/tex/latex/psnfss/omspzccm.fd
File: omspzccm.fd 2000/01/03 Fontinst v1.801 font definitions for OMS/pzccm.
)
LaTeX Font Info:    Try loading font information for OMX+psycm on input line 34
38.

(/usr/local/texlive/2018/texmf-dist/tex/latex/psnfss/omxpsycm.fd
File: omxpsycm.fd 2000/01/03 Fontinst v1.801 font definitions for OMX/psycm.
)
LaTeX Font Info:    Font shape `OT1/ptm/bx/n' in size <12> not available
(Font)              Font shape `OT1/ptm/b/n' tried instead on input line 3438.
LaTeX Font Info:    Font shape `OT1/ptm/bx/n' in size <9> not available
(Font)              Font shape `OT1/ptm/b/n' tried instead on input line 3438.
LaTeX Font Info:    Font shape `OT1/ptm/bx/n' in size <7> not available
(Font)              Font shape `OT1/ptm/b/n' tried instead on input line 3438.
LaTeX Info: Redefining \cite on input line 3744.
\jb@length@i=\skip102
\jb@length@ii=\skip103
\jb@length@iii=\skip104
\jb@temptoks=\toks30
\jbedwidth=\skip105
\jb@ta=\toks31
\jb@tb=\toks32

Package jurabib Info: *** Local config file `jurabib.cfg' used ***

(/usr/local/texlive/2018/texmf-dist/tex/latex/jurabib/jurabib.cfg
File: jurabib.cfg jurabib local configuration file
))
LaTeX Info: Redefining \jbtitlefont on input line 157.

(/usr/local/texlive/2018/texmf-dist/tex/latex/hyperref/hyperref.sty
Package: hyperref 2018/02/06 v6.86b Hypertext links for LaTeX

(/usr/local/texlive/2018/texmf-dist/tex/generic/oberdiek/hobsub-hyperref.sty
Package: hobsub-hyperref 2016/05/16 v1.14 Bundle oberdiek, subset hyperref (HO)


(/usr/local/texlive/2018/texmf-dist/tex/generic/oberdiek/hobsub-generic.sty
Package: hobsub-generic 2016/05/16 v1.14 Bundle oberdiek, subset generic (HO)
Package: hobsub 2016/05/16 v1.14 Construct package bundles (HO)
Package hobsub Info: Skipping package `infwarerr' (already loaded).
Package hobsub Info: Skipping package `ltxcmds' (already loaded).
Package: ifluatex 2016/05/16 v1.4 Provides the ifluatex switch (HO)
Package ifluatex Info: LuaTeX not detected.
Package hobsub Info: Skipping package `ifvtex' (already loaded).
Package: intcalc 2016/05/16 v1.2 Expandable calculations with integers (HO)
Package hobsub Info: Skipping package `ifpdf' (already loaded).
Package: etexcmds 2016/05/16 v1.6 Avoid name clashes with e-TeX commands (HO)
Package etexcmds Info: Could not find \expanded.
(etexcmds)             That can mean that you are not using pdfTeX 1.50 or
(etexcmds)             that some package has redefined \expanded.
(etexcmds)             In the latter case, load this package earlier.
Package: kvsetkeys 2016/05/16 v1.17 Key value parser (HO)
Package: kvdefinekeys 2016/05/16 v1.4 Define keys (HO)
Package: pdftexcmds 2018/01/30 v0.27 Utility functions of pdfTeX for LuaTeX (HO
)
Package pdftexcmds Info: LuaTeX not detected.
Package pdftexcmds Info: \pdf@primitive is available.
Package pdftexcmds Info: \pdf@ifprimitive is available.
Package pdftexcmds Info: \pdfdraftmode found.
Package: pdfescape 2016/05/16 v1.14 Implements pdfTeX's escape features (HO)
Package: bigintcalc 2016/05/16 v1.4 Expandable calculations on big integers (HO
)
Package: bitset 2016/05/16 v1.2 Handle bit-vector datatype (HO)
Package: uniquecounter 2016/05/16 v1.3 Provide unlimited unique counter (HO)
)
Package hobsub Info: Skipping package `hobsub' (already loaded).
Package: letltxmacro 2016/05/16 v1.5 Let assignment for LaTeX macros (HO)
Package: hopatch 2016/05/16 v1.3 Wrapper for package hooks (HO)
Package: xcolor-patch 2016/05/16 xcolor patch
Package: atveryend 2016/05/16 v1.9 Hooks at the very end of document (HO)
Package hobsub Info: Skipping package `atbegshi' (already loaded).
Package: refcount 2016/05/16 v3.5 Data extraction from label references (HO)
Package: hycolor 2016/05/16 v1.8 Color options for hyperref/bookmark (HO)
)
(/usr/local/texlive/2018/texmf-dist/tex/latex/oberdiek/auxhook.sty
Package: auxhook 2016/05/16 v1.4 Hooks for auxiliary files (HO)


Package auxhook Warning: Cannot patch \document,
(auxhook)                using \AtBeginDocument instead.

) (/usr/local/texlive/2018/texmf-dist/tex/latex/oberdiek/kvoptions.sty
Package: kvoptions 2016/05/16 v3.12 Key value format for package options (HO)
)
\@linkdim=\dimen159
\Hy@linkcounter=\count148
\Hy@pagecounter=\count149

(/usr/local/texlive/2018/texmf-dist/tex/latex/hyperref/pd1enc.def
File: pd1enc.def 2018/02/06 v6.86b Hyperref: PDFDocEncoding definition (HO)
Now handling font encoding PD1 ...
... no UTF-8 mapping file for font encoding PD1
)
\Hy@SavedSpaceFactor=\count150

(/usr/local/texlive/2018/texmf-dist/tex/latex/latexconfig/hyperref.cfg
File: hyperref.cfg 2002/06/06 v1.2 hyperref configuration of TeXLive
)
Package hyperref Info: Hyper figures OFF on input line 4509.
Package hyperref Info: Link nesting OFF on input line 4514.
Package hyperref Info: Hyper index ON on input line 4517.
Package hyperref Info: Plain pages OFF on input line 4524.
Package hyperref Info: Backreferencing ON on input line 4527.
Package hyperref Info: Implicit mode ON; LaTeX internals redefined.
Package hyperref Info: Bookmarks ON on input line 4762.

(/usr/local/texlive/2018/texmf-dist/tex/latex/hyperref/backref.sty
Package: backref 2016/05/21 v1.39 Bibliographical back referencing

(/usr/local/texlive/2018/texmf-dist/tex/latex/oberdiek/rerunfilecheck.sty
Package: rerunfilecheck 2016/05/16 v1.8 Rerun checks for auxiliary files (HO)
Package uniquecounter Info: New unique counter `rerunfilecheck' on input line 2
82.
))
\c@Hy@tempcnt=\count151
LaTeX Info: Redefining \url on input line 5115.
\XeTeXLinkMargin=\dimen160
\Fld@menulength=\count152
\Field@Width=\dimen161
\Fld@charsize=\dimen162
Package hyperref Info: Hyper figures OFF on input line 6369.
Package hyperref Info: Link nesting OFF on input line 6374.
Package hyperref Info: Hyper index ON on input line 6377.
Package hyperref Info: backreferencing ON on input line 6382.
Package hyperref Info: Link coloring OFF on input line 6389.
Package hyperref Info: Link coloring with OCG OFF on input line 6394.
Package hyperref Info: PDF/A mode OFF on input line 6399.
LaTeX Info: Redefining \ref on input line 6439.
LaTeX Info: Redefining \pageref on input line 6443.
\Hy@abspage=\count153
\c@Item=\count154
\c@Hfootnote=\count155
)
Package hyperref Info: Driver (autodetected): hpdftex.

(/usr/local/texlive/2018/texmf-dist/tex/latex/hyperref/hpdftex.def
File: hpdftex.def 2018/02/06 v6.86b Hyperref driver for pdfTeX
\Fld@listcount=\count156
\c@bookmark@seq@number=\count157
\Hy@SectionHShift=\skip106
)

Package hyperref Warning: Option `bookmarks' has already been used,
(hyperref)                setting the option has no effect on input line 228.

Package hyperref Info: Option `unicode' set `false' on input line 228.
Package hyperref Info: Option `pdftoolbar' set `false' on input line 228.
Package hyperref Info: Option `pdfmenubar' set `true' on input line 228.
Package hyperref Info: Option `pdffitwindow' set `true' on input line 228.
Package hyperref Info: Option `pdfnewwindow' set `true' on input line 228.
Package hyperref Info: Option `colorlinks' set `true' on input line 228.
(/usr/local/texlive/2018/texmf-dist/tex/latex/subfigure/subfigure.sty
Package: subfigure 2002/03/15 v2.1.5 subfigure package
\subfigtopskip=\skip107
\subfigcapskip=\skip108
\subfigcaptopadj=\dimen163
\subfigbottomskip=\skip109
\subfigcapmargin=\dimen164
\subfiglabelskip=\skip110
\c@subfigure=\count158
\c@lofdepth=\count159
\c@subtable=\count160
\c@lotdepth=\count161

****************************************
* Local config file subfigure.cfg used *
****************************************
(/usr/local/texlive/2018/texmf-dist/tex/latex/subfigure/subfigure.cfg)
\subfig@top=\skip111
\subfig@bottom=\skip112
)

Class scrreprt Warning: Usage of package `titlesec' together
(scrreprt)              with a KOMA-Script class is not recommended.
(scrreprt)              I'd suggest to use the package only
(scrreprt)              if you really need it, because it breaks several
(scrreprt)              KOMA-Script features, i.e., option `headings' and
(scrreprt)              the extended optional argument of the section
(scrreprt)              commands.
(scrreprt)              Nevertheless, using requested
(scrreprt)              package `titlesec' on input line 232.

(/usr/local/texlive/2018/texmf-dist/tex/latex/titlesec/titlesec.sty
Package: titlesec 2016/03/21 v2.10.2 Sectioning titles
\ttl@box=\box38
\beforetitleunit=\skip113
\aftertitleunit=\skip114
\ttl@plus=\dimen165
\ttl@minus=\dimen166
\ttl@toksa=\toks33
\titlewidth=\dimen167
\titlewidthlast=\dimen168
\titlewidthfirst=\dimen169


Package titlesec Warning: Non standard sectioning command detected
(titlesec)                Using default spacing and no format.


Package titlesec Warning: Non standard sectioning command detected
(titlesec)                Using default spacing and no format.


Package titlesec Warning: Non standard sectioning command detected
(titlesec)                Using default spacing and no format.


Package titlesec Warning: Non standard sectioning command detected
(titlesec)                Using default spacing and no format.


Package titlesec Warning: Non standard sectioning command detected
(titlesec)                Using default spacing and no format.

)

Class scrreprt Warning: Activating an ugly workaround for a missing
(scrreprt)              feature of package `titlesec` on input line 232.

(/usr/local/texlive/2018/texmf-dist/tex/latex/pdfcomment/pdfcomment.sty
Package: pdfcomment 2016/06/13 pdfcomment.sty v2.4 - Josef Kleber (C) 2008-2012
, 2015-2016

(/usr/local/texlive/2018/texmf-dist/tex/latex/xkeyval/xkeyval.sty
Package: xkeyval 2014/12/03 v2.7a package option processing (HA)

(/usr/local/texlive/2018/texmf-dist/tex/generic/xkeyval/xkeyval.tex
(/usr/local/texlive/2018/texmf-dist/tex/generic/xkeyval/xkvutils.tex
\XKV@toks=\toks34
\XKV@tempa@toks=\toks35
)
\XKV@depth=\count162
File: xkeyval.tex 2014/12/03 v2.7a key=value parser (HA)
))
\c@pc@count@i=\count163
\c@pc@count@ii=\count164
\c@pc@count@iii=\count165
\c@pc@count@iv=\count166
\pc@mathannot@box=\box39
\pc@nullbox=\box40
\pc@dima=\skip115
\pc@dimb=\skip116
\pc@Sposx=\skip117
\pc@Sposy=\skip118
\pc@Eposx=\skip119
\pc@Eposy=\skip120
\pc@column=\skip121
\pc@box@width=\skip122
\pc@box@height=\skip123
\pc@box@depth=\skip124

(/usr/local/texlive/2018/texmf-dist/tex/latex/datetime2/datetime2.sty
Package: datetime2 2016/07/12 v1.5.2 (NLCT) date and time formats

(/usr/local/texlive/2018/texmf-dist/tex/latex/tracklang/tracklang.sty
Package: tracklang 2018/05/13 v1.3.6 (NLCT) Track Languages

(/usr/local/texlive/2018/texmf-dist/tex/generic/tracklang/tracklang.tex))
(/usr/local/texlive/2018/texmf-dist/tex/latex/datetime2-german/datetime2-german
.ldf
File: datetime2-german.ldf 2017/11/13 v2.1

(/usr/local/texlive/2018/texmf-dist/tex/latex/datetime2-german/datetime2-german
-ascii.ldf
File: datetime2-german-ascii.ldf 2017/11/13 v2.1
)))
(/usr/local/texlive/2018/texmf-dist/tex/latex/oberdiek/zref-savepos.sty
Package: zref-savepos 2016/05/21 v2.26 Module savepos for zref (HO)

(/usr/local/texlive/2018/texmf-dist/tex/latex/oberdiek/zref-base.sty
Package: zref-base 2016/05/21 v2.26 Module base for zref (HO)
Package zref Info: New property list: main on input line 759.
Package zref Info: New property: default on input line 760.
Package zref Info: New property: page on input line 761.
)
Package zref Info: New property list: savepos on input line 80.
Package zref Info: New property: posx on input line 81.
Package zref Info: New property: posy on input line 82.
)
\c@zref@unique=\count167

(/usr/local/texlive/2018/texmf-dist/tex/latex/marginnote/marginnote.sty
Package: marginnote 2018/04/13 v1.3 non floating margin notes for LaTeX
\c@mn@abspage=\count168
)
(/usr/local/texlive/2018/texmf-dist/tex/latex/bezos/soulpos.sty
Package: soulpos 2012/02/25 v1.0 Fancy underlining
\ulp@subcnt=\count169
\ulp@cnt=\count170
\ulp@out=\write8
\ulp@in=\read5
\ulwidth=\dimen170
)

Package hyperref Warning: Option `pdftex' has already been used,
(hyperref)                setting the option has no effect on input line 1359.

Package zref Info: New property list: pdfcomment on input line 2724.
Package zref Info: New property: PCPDFOBJID on input line 2725.
))
Package csquotes Info: Checking for multilingual support...
Package csquotes Info: ... found 'babel' package.
Package csquotes Info: Adjusting default style.
Package csquotes Info: Redefining alias 'default' -> 'ngerman'.
 (./digitale-bedingungen.aux)
\openout1 = `digitale-bedingungen.aux'.

LaTeX Font Info:    Checking defaults for OML/cmm/m/it on input line 3.
LaTeX Font Info:    ... okay on input line 3.
LaTeX Font Info:    Checking defaults for T1/cmr/m/n on input line 3.
LaTeX Font Info:    ... okay on input line 3.
LaTeX Font Info:    Checking defaults for OT1/cmr/m/n on input line 3.
LaTeX Font Info:    ... okay on input line 3.
LaTeX Font Info:    Checking defaults for OMS/pzccm/m/n on input line 3.
LaTeX Font Info:    ... okay on input line 3.
LaTeX Font Info:    Checking defaults for OMX/cmex/m/n on input line 3.
LaTeX Font Info:    ... okay on input line 3.
LaTeX Font Info:    Checking defaults for U/cmr/m/n on input line 3.
LaTeX Font Info:    ... okay on input line 3.
LaTeX Font Info:    Checking defaults for PD1/pdf/m/n on input line 3.
LaTeX Font Info:    ... okay on input line 3.

*geometry* driver: auto-detecting
*geometry* detected driver: pdftex
*geometry* verbose mode - [ preamble ] result:
* driver: pdftex
* paper: a4paper
* layout: <same size as paper>
* layoutoffset:(h,v)=(0.0pt,0.0pt)
* modes: 
* h-part:(L,W,R)=(85.35826pt, 441.01773pt, 71.13188pt)
* v-part:(T,H,B)=(71.13188pt, 688.5567pt, 85.35826pt)
* \paperwidth=597.50787pt
* \paperheight=845.04684pt
* \textwidth=441.01773pt
* \textheight=688.5567pt
* \oddsidemargin=13.08827pt
* \evensidemargin=13.08827pt
* \topmargin=-41.0131pt
* \headheight=18.125pt
* \headsep=21.75pt
* \topskip=12.0pt
* \footskip=50.75pt
* \marginparwidth=49.79233pt
* \marginparsep=12.8401pt
* \columnsep=10.0pt
* \skip\footins=10.8pt plus 4.0pt minus 2.0pt
* \hoffset=0.0pt
* \voffset=0.0pt
* \mag=1000
* \@twocolumnfalse
* \@twosidefalse
* \@mparswitchfalse
* \@reversemarginfalse
* (1in=72.27pt=25.4mm, 1cm=28.453pt)

(/usr/local/texlive/2018/texmf-dist/tex/context/base/mkii/supp-pdf.mkii
[Loading MPS to PDF converter (version 2006.09.02).]
\scratchcounter=\count171
\scratchdimen=\dimen171
\scratchbox=\box41
\nofMPsegments=\count172
\nofMParguments=\count173
\everyMPshowfont=\toks36
\MPscratchCnt=\count174
\MPscratchDim=\dimen172
\MPnumerator=\count175
\makeMPintoPDFobject=\count176
\everyMPtoPDFconversion=\toks37
) (/usr/local/texlive/2018/texmf-dist/tex/latex/oberdiek/epstopdf-base.sty
Package: epstopdf-base 2016/05/15 v2.6 Base part for package epstopdf

(/usr/local/texlive/2018/texmf-dist/tex/latex/oberdiek/grfext.sty
Package: grfext 2016/05/16 v1.2 Manage graphics extensions (HO)
)
Package epstopdf-base Info: Redefining graphics rule for `.eps' on input line 4
38.
Package grfext Info: Graphics extension search list:
(grfext)             [.pdf,.png,.jpg,.mps,.jpeg,.jbig2,.jb2,.PDF,.PNG,.JPG,.JPE
G,.JBIG2,.JB2,.eps]
(grfext)             \AppendGraphicsExtensions on input line 456.

(/usr/local/texlive/2018/texmf-dist/tex/latex/latexconfig/epstopdf-sys.cfg
File: epstopdf-sys.cfg 2010/07/13 v1.3 Configuration of (r)epstopdf for TeX Liv
e
))
\AtBeginShipoutBox=\box42

(/usr/local/texlive/2018/texmf-dist/tex/latex/oberdiek/pdflscape.sty
Package: pdflscape 2016/05/14 v0.11 Display of landscape pages in PDF (HO)

(/usr/local/texlive/2018/texmf-dist/tex/latex/graphics/lscape.sty
Package: lscape 2000/10/22 v3.01 Landscape Pages (DPC)
)
Package pdflscape Info: Auto-detected driver: pdftex on input line 81.
)
\c@lstlisting=\count177
Package caption Info: Begin \AtBeginDocument code.
Package caption Info: hyperref package is loaded.
Package caption Info: subfigure package is loaded.
Package caption Info: End \AtBeginDocument code.
Package lastpage Info: Please have a look at the pageslts package at
(lastpage)             https://www.ctan.org/pkg/pageslts
(lastpage)             ! on input line 3.
\c@minilofdepth=\count178
\c@minilotdepth=\count179
\c@partlofdepth=\count180
\c@partlotdepth=\count181
\c@sectlofdepth=\count182
\c@sectlotdepth=\count183
Package minitoc(hints) Info: I0049
(minitoc(hints))             ==> You requested the hints option. 
(minitoc(hints))             Some hints are eventually given below.
Package minitoc(hints) Info: I0043
(minitoc(hints))             --- The KOMAScript scrreprt class is loaded. 
(minitoc(hints))             See the minitoc package documentation 
(minitoc(hints))             for specific precautions.


Package minitoc(hints) Warning: W0099
(minitoc(hints))                --- The titlesec package is loaded. 
(minitoc(hints))                It is incompatible 
(minitoc(hints))                with the minitoc package.


Package minitoc(hints) Warning: W0030
(minitoc(hints))                --- The \part command is altered 
(minitoc(hints))                after minitoc.


Package minitoc(hints) Warning: W0023
(minitoc(hints))                --- It may be the consequence 
(minitoc(hints))                of loading the ``hyperref'' package.


Package minitoc(hints) Warning: W0028
(minitoc(hints))                --- The \chapter command is altered 
(minitoc(hints))                after minitoc.


Package minitoc(hints) Warning: W0023
(minitoc(hints))                --- It may be the consequence 
(minitoc(hints))                of loading the ``hyperref'' package.

ABD: EverySelectfont initializing macros
LaTeX Info: Redefining \selectfont on input line 3.


Package jurabib Info: *** jurabib set up for babel ***

(/usr/local/texlive/2018/texmf-dist/tex/latex/jurabib/dejbbib.ldf
File: dejbbib.ldf jurabib German language definitions
)
Package backref Info: ** backref set up for natbib ** on input line 3.
Package hyperref Info: Link coloring ON on input line 3.

(/usr/local/texlive/2018/texmf-dist/tex/latex/hyperref/nameref.sty
Package: nameref 2016/05/21 v2.44 Cross-referencing by name of section

(/usr/local/texlive/2018/texmf-dist/tex/generic/oberdiek/gettitlestring.sty
Package: gettitlestring 2016/05/16 v1.5 Cleanup title references (HO)
)
\c@section@level=\count184
)
LaTeX Info: Redefining \ref on input line 3.
LaTeX Info: Redefining \pageref on input line 3.
LaTeX Info: Redefining \nameref on input line 3.

(./digitale-bedingungen.out) (./digitale-bedingungen.out)
\@outlinefile=\write9
\openout9 = `digitale-bedingungen.out'.

Package soulpos Info: Loading soulutf8 on input line 3.

(/usr/local/texlive/2018/texmf-dist/tex/generic/oberdiek/soulutf8.sty
Package: soulutf8 2016/05/16 v1.1 Permit use of UTF-8 characters in soul (HO)

(/usr/local/texlive/2018/texmf-dist/tex/latex/soul/soul.sty
Package: soul 2003/11/17 v2.4 letterspacing/underlining (mf)
\SOUL@word=\toks38
\SOUL@lasttoken=\toks39
\SOUL@cmds=\toks40
\SOUL@buffer=\toks41
\SOUL@token=\toks42
\SOUL@spaceskip=\skip125
\SOUL@ttwidth=\dimen173
\SOUL@uldp=\dimen174
\SOUL@ulht=\dimen175
))
\docmute@nestinglevel=\count185

(../deckblatt/deckblatt.tex
*geometry* verbose mode - [ newgeometry ] result:
* driver: pdftex
* paper: a4paper
* layout: <same size as paper>
* layoutoffset:(h,v)=(0.0pt,0.0pt)
* modes: 
* h-part:(L,W,R)=(71.13188pt, 455.24411pt, 71.13188pt)
* v-part:(T,H,B)=(71.13188pt, 702.78308pt, 71.13188pt)
* \paperwidth=597.50787pt
* \paperheight=845.04684pt
* \textwidth=455.24411pt
* \textheight=702.78308pt
* \oddsidemargin=-1.1381pt
* \evensidemargin=-1.1381pt
* \topmargin=-41.0131pt
* \headheight=18.125pt
* \headsep=21.75pt
* \topskip=12.0pt
* \footskip=50.75pt
* \marginparwidth=49.79233pt
* \marginparsep=12.8401pt
* \columnsep=10.0pt
* \skip\footins=10.8pt plus 4.0pt minus 2.0pt
* \hoffset=0.0pt
* \voffset=0.0pt
* \mag=1000
* \@twocolumnfalse
* \@twosidefalse
* \@mparswitchfalse
* \@reversemarginfalse
* (1in=72.27pt=25.4mm, 1cm=28.453pt)

Package epstopdf Info: Source file: <../../images/UHH-Logo_2010_Farbe_CMYK.eps>

(epstopdf)                    date: 2018-06-09 15:03:24
(epstopdf)                    size: 380654 bytes
(epstopdf)             Output file: <../../images/UHH-Logo_2010_Farbe_CMYK-eps-
converted-to.pdf>
(epstopdf)                    date: 2018-06-09 15:03:24
(epstopdf)                    size: 18999 bytes
(epstopdf)             Command: <repstopdf --outfile=../../images/UHH-Logo_2010
_Farbe_CMYK-eps-converted-to.pdf ../../images/UHH-Logo_2010_Farbe_CMYK.eps>
(epstopdf)             \includegraphics on input line 11.
Package epstopdf Info: Output file is already uptodate.
<../../images/UHH-Logo_2010_Farbe_CMYK-eps-converted-to.pdf, id=48, 394.47375pt
 x 128.48pt>
File: ../../images/UHH-Logo_2010_Farbe_CMYK-eps-converted-to.pdf Graphic file (
type pdf)
<use ../../images/UHH-Logo_2010_Farbe_CMYK-eps-converted-to.pdf>
Package pdftex.def Info: ../../images/UHH-Logo_2010_Farbe_CMYK-eps-converted-to
.pdf  used on input line 11.
(pdftex.def)             Requested size: 157.7867pt x 51.39108pt.
Package epstopdf Info: Source file: <../../images/Wortmarke_UHH_Wortmarke_aktue
ll.eps>
(epstopdf)                    date: 2018-06-09 15:03:24
(epstopdf)                    size: 649438 bytes
(epstopdf)             Output file: <../../images/Wortmarke_UHH_Wortmarke_aktue
ll-eps-converted-to.pdf>
(epstopdf)                    date: 2018-06-09 15:03:24
(epstopdf)                    size: 15379 bytes
(epstopdf)             Command: <repstopdf --outfile=../../images/Wortmarke_UHH
_Wortmarke_aktuell-eps-converted-to.pdf ../../images/Wortmarke_UHH_Wortmarke_ak
tuell.eps>
(epstopdf)             \includegraphics on input line 15.
Package epstopdf Info: Output file is already uptodate.
<../../images/Wortmarke_UHH_Wortmarke_aktuell-eps-converted-to.pdf, id=49, 732.
7375pt x 107.40125pt>
File: ../../images/Wortmarke_UHH_Wortmarke_aktuell-eps-converted-to.pdf Graphic
 file (type pdf)
<use ../../images/Wortmarke_UHH_Wortmarke_aktuell-eps-converted-to.pdf>
Package pdftex.def Info: ../../images/Wortmarke_UHH_Wortmarke_aktuell-eps-conve
rted-to.pdf  used on input line 15.
(pdftex.def)             Requested size: 183.18393pt x 26.85023pt.
LaTeX Font Info:    Font shape `T1/ptm/bx/n' in size <24.88> not available
(Font)              Font shape `T1/ptm/b/n' tried instead on input line 24.
Package babel Info: Redefining ngerman shorthand "|
(babel)             in language  on input line 44.
Package babel Info: Redefining ngerman shorthand "~
(babel)             in language  on input line 44.
Package babel Info: Redefining ngerman shorthand "|
(babel)             in language  on input line 44.
Package babel Info: Redefining ngerman shorthand "~
(babel)             in language  on input line 44.
 [1

\openout8 = `digitale-bedingungen.upa'.




{/usr/local/texlive/2018/texmf-var/fonts/map/pdftex/updmap/pdftex.map} <../../i
mages/UHH-Logo_2010_Farbe_CMYK-eps-converted-to.pdf> <../../images/Wortmarke_UH
H_Wortmarke_aktuell-eps-converted-to.pdf>])
(../inhaltsverzeichnis/inhaltsverzeichnis.tex
*geometry* verbose mode - [ newgeometry ] result:
* driver: pdftex
* paper: a4paper
* layout: <same size as paper>
* layoutoffset:(h,v)=(0.0pt,0.0pt)
* modes: 
* h-part:(L,W,R)=(85.35826pt, 426.79135pt, 85.35826pt)
* v-part:(T,H,B)=(71.13188pt, 702.78308pt, 71.13188pt)
* \paperwidth=597.50787pt
* \paperheight=845.04684pt
* \textwidth=426.79135pt
* \textheight=702.78308pt
* \oddsidemargin=13.08827pt
* \evensidemargin=13.08827pt
* \topmargin=-41.0131pt
* \headheight=18.125pt
* \headsep=21.75pt
* \topskip=12.0pt
* \footskip=50.75pt
* \marginparwidth=49.79233pt
* \marginparsep=12.8401pt
* \columnsep=10.0pt
* \skip\footins=10.8pt plus 4.0pt minus 2.0pt
* \hoffset=0.0pt
* \voffset=0.0pt
* \mag=1000
* \@twocolumnfalse
* \@twosidefalse
* \@mparswitchfalse
* \@reversemarginfalse
* (1in=72.27pt=25.4mm, 1cm=28.453pt)

LaTeX Font Info:    Font shape `T1/phv/m/n' will be
(Font)              scaled to size 10.79993pt on input line 8.
LaTeX Font Info:    Font shape `T1/phv/bx/n' in size <12> not available
(Font)              Font shape `T1/phv/b/n' tried instead on input line 8.
LaTeX Font Info:    Font shape `T1/phv/b/n' will be
(Font)              scaled to size 10.79993pt on input line 8.
LaTeX Font Info:    Font shape `T1/phv/bx/n' in size <24.88> not available
(Font)              Font shape `T1/phv/b/n' tried instead on input line 8.
LaTeX Font Info:    Font shape `T1/phv/b/n' will be
(Font)              scaled to size 22.39185pt on input line 8.
 (./digitale-bedingungen.toc)
\tf@toc=\write10
\openout10 = `digitale-bedingungen.toc'.

Package babel Info: Redefining ngerman shorthand "|
(babel)             in language  on input line 9.
Package babel Info: Redefining ngerman shorthand "~
(babel)             in language  on input line 9.
Package babel Info: Redefining ngerman shorthand "|
(babel)             in language  on input line 9.
Package babel Info: Redefining ngerman shorthand "~
(babel)             in language  on input line 9.

[1



] (./digitale-bedingungen.lof)
\tf@lof=\write11
\openout11 = `digitale-bedingungen.lof'.

Package babel Info: Redefining ngerman shorthand "|
(babel)             in language  on input line 12.
Package babel Info: Redefining ngerman shorthand "~
(babel)             in language  on input line 12.
Package babel Info: Redefining ngerman shorthand "|
(babel)             in language  on input line 12.
Package babel Info: Redefining ngerman shorthand "~
(babel)             in language  on input line 12.
 [2

]) (../../problemstellung.tex
chapter 1.
Package babel Info: Redefining ngerman shorthand "|
(babel)             in language  on input line 1.
Package babel Info: Redefining ngerman shorthand "~
(babel)             in language  on input line 1.

Class scrreprt Warning: \float@addtolists detected!
(scrreprt)              Implementation of \float@addtolist became
(scrreprt)              deprecated in KOMA-Script v3.01 2008/11/14 and
(scrreprt)              has been replaced by several more flexible
(scrreprt)              features of package `tocbasic`.
(scrreprt)              Since Version 3.12 support for deprecated
(scrreprt)              \float@addtolist interface has been
(scrreprt)              restricted to only some of the KOMA-Script
(scrreprt)              features and been removed from others.
(scrreprt)              Loading of package `scrhack' may help to
(scrreprt)              avoid this warning, if you are using a
(scrreprt)              a package that still implements the
(scrreprt)              deprecated \float@addtolist interface .

) (../../forschungsstand.tex
Package babel Info: Redefining ngerman shorthand "|
(babel)             in language  on input line 1.
Package babel Info: Redefining ngerman shorthand "~
(babel)             in language  on input line 1.
Package babel Info: Redefining ngerman shorthand "|
(babel)             in language  on input line 1.
Package babel Info: Redefining ngerman shorthand "~
(babel)             in language  on input line 1.
pdfTeX warning (ext4): destination with the same identifier (name{page.1}) has 
been already used, duplicate ignored
<to be read again> 
                   \relax 
l.1 \chapter
            {Forschungsstand} [1


]
chapter 2.
Package babel Info: Redefining ngerman shorthand "|
(babel)             in language  on input line 1.
Package babel Info: Redefining ngerman shorthand "~
(babel)             in language  on input line 1.
) (../../forschungsluecke.tex
Package babel Info: Redefining ngerman shorthand "|
(babel)             in language  on input line 1.
Package babel Info: Redefining ngerman shorthand "~
(babel)             in language  on input line 1.
Package babel Info: Redefining ngerman shorthand "|
(babel)             in language  on input line 1.
Package babel Info: Redefining ngerman shorthand "~
(babel)             in language  on input line 1.
 [2

]
chapter 3.
Package babel Info: Redefining ngerman shorthand "|
(babel)             in language  on input line 1.
Package babel Info: Redefining ngerman shorthand "~
(babel)             in language  on input line 1.
) (../../forschungsziel.tex
Package babel Info: Redefining ngerman shorthand "|
(babel)             in language  on input line 1.
Package babel Info: Redefining ngerman shorthand "~
(babel)             in language  on input line 1.
Package babel Info: Redefining ngerman shorthand "|
(babel)             in language  on input line 1.
Package babel Info: Redefining ngerman shorthand "~
(babel)             in language  on input line 1.
 [3

]
chapter 4.
Package babel Info: Redefining ngerman shorthand "|
(babel)             in language  on input line 1.
Package babel Info: Redefining ngerman shorthand "~
(babel)             in language  on input line 1.
) (../../fragestellung.tex
Package babel Info: Redefining ngerman shorthand "|
(babel)             in language  on input line 1.
Package babel Info: Redefining ngerman shorthand "~
(babel)             in language  on input line 1.
Package babel Info: Redefining ngerman shorthand "|
(babel)             in language  on input line 1.
Package babel Info: Redefining ngerman shorthand "~
(babel)             in language  on input line 1.
 [4

]
chapter 5.
Package babel Info: Redefining ngerman shorthand "|
(babel)             in language  on input line 1.
Package babel Info: Redefining ngerman shorthand "~
(babel)             in language  on input line 1.
) (../../relevanz.tex
Package babel Info: Redefining ngerman shorthand "|
(babel)             in language  on input line 1.
Package babel Info: Redefining ngerman shorthand "~
(babel)             in language  on input line 1.
Package babel Info: Redefining ngerman shorthand "|
(babel)             in language  on input line 1.
Package babel Info: Redefining ngerman shorthand "~
(babel)             in language  on input line 1.
 [5

]
chapter 6.
Package babel Info: Redefining ngerman shorthand "|
(babel)             in language  on input line 1.
Package babel Info: Redefining ngerman shorthand "~
(babel)             in language  on input line 1.
) (../../forschungsdesign.tex
Package babel Info: Redefining ngerman shorthand "|
(babel)             in language  on input line 1.
Package babel Info: Redefining ngerman shorthand "~
(babel)             in language  on input line 1.
Package babel Info: Redefining ngerman shorthand "|
(babel)             in language  on input line 1.
Package babel Info: Redefining ngerman shorthand "~
(babel)             in language  on input line 1.
 [6

]
chapter 7.
Package babel Info: Redefining ngerman shorthand "|
(babel)             in language  on input line 1.
Package babel Info: Redefining ngerman shorthand "~
(babel)             in language  on input line 1.
) (../../analysekorpus.tex
Package babel Info: Redefining ngerman shorthand "|
(babel)             in language  on input line 1.
Package babel Info: Redefining ngerman shorthand "~
(babel)             in language  on input line 1.
Package babel Info: Redefining ngerman shorthand "|
(babel)             in language  on input line 1.
Package babel Info: Redefining ngerman shorthand "~
(babel)             in language  on input line 1.
 [7

]
chapter 8.
Package babel Info: Redefining ngerman shorthand "|
(babel)             in language  on input line 1.
Package babel Info: Redefining ngerman shorthand "~
(babel)             in language  on input line 1.
) (../../aufbau.tex
Package babel Info: Redefining ngerman shorthand "|
(babel)             in language  on input line 1.
Package babel Info: Redefining ngerman shorthand "~
(babel)             in language  on input line 1.
Package babel Info: Redefining ngerman shorthand "|
(babel)             in language  on input line 1.
Package babel Info: Redefining ngerman shorthand "~
(babel)             in language  on input line 1.
 [8

]
chapter 9.
Package babel Info: Redefining ngerman shorthand "|
(babel)             in language  on input line 1.
Package babel Info: Redefining ngerman shorthand "~
(babel)             in language  on input line 1.
) (../../zeitplan.tex
Package babel Info: Redefining ngerman shorthand "|
(babel)             in language  on input line 1.
Package babel Info: Redefining ngerman shorthand "~
(babel)             in language  on input line 1.
Package babel Info: Redefining ngerman shorthand "|
(babel)             in language  on input line 1.
Package babel Info: Redefining ngerman shorthand "~
(babel)             in language  on input line 1.
 [9

]
chapter 10.
Package babel Info: Redefining ngerman shorthand "|
(babel)             in language  on input line 1.
Package babel Info: Redefining ngerman shorthand "~
(babel)             in language  on input line 1.
) (../../auswahlbibliografie.tex
Package babel Info: Redefining ngerman shorthand "|
(babel)             in language  on input line 1.
Package babel Info: Redefining ngerman shorthand "~
(babel)             in language  on input line 1.
Package babel Info: Redefining ngerman shorthand "|
(babel)             in language  on input line 1.
Package babel Info: Redefining ngerman shorthand "~
(babel)             in language  on input line 1.
 [10

]
chapter 11.
Package babel Info: Redefining ngerman shorthand "|
(babel)             in language  on input line 1.
Package babel Info: Redefining ngerman shorthand "~
(babel)             in language  on input line 1.
) (../eidesstattlich/eidesstattlich.tex
Package babel Info: Redefining ngerman shorthand "|
(babel)             in language  on input line 3.
Package babel Info: Redefining ngerman shorthand "~
(babel)             in language  on input line 3.
Package babel Info: Redefining ngerman shorthand "|
(babel)             in language  on input line 3.
Package babel Info: Redefining ngerman shorthand "~
(babel)             in language  on input line 3.
 [11

]
Underfull \hbox (badness 10000) in paragraph at lines 5--6

 []

) 
AED: lastpage setting LastPage
Package babel Info: Redefining ngerman shorthand "|
(babel)             in language  on input line 33.
Package babel Info: Redefining ngerman shorthand "~
(babel)             in language  on input line 33.
Package babel Info: Redefining ngerman shorthand "|
(babel)             in language  on input line 33.
Package babel Info: Redefining ngerman shorthand "~
(babel)             in language  on input line 33.
[12

]
Package babel Info: Redefining ngerman shorthand "|
(babel)             in language  on input line 33.
Package babel Info: Redefining ngerman shorthand "~
(babel)             in language  on input line 33.
Package minitoc Info: I0009
(minitoc)             Listing minitoc auxiliary files. 
(minitoc)             Creating the digitale-bedingungen.maf file.
\openout6 = `digitale-bedingungen.maf'.



Package minitoc(hints) Warning: W0024
(minitoc(hints))                Some hints have been written 
(minitoc(hints))                in the digitale-bedingungen.log file.

Package atveryend Info: Empty hook `BeforeClearDocument' on input line 33.
Package atveryend Info: Empty hook `AfterLastShipout' on input line 33.
(./digitale-bedingungen.aux)
Package atveryend Info: Executing hook `AtVeryEndDocument' on input line 33.
Package atveryend Info: Executing hook `AtEndAfterFileList' on input line 33.
Package rerunfilecheck Info: File `digitale-bedingungen.out' has not changed.
(rerunfilecheck)             Checksum: E01B085E66661E00CDE03FF77D53A23D;534.
 ) 
Here is how much of TeX's memory you used:
 23590 strings out of 492646
 418466 string characters out of 6129564
 689494 words of memory out of 5000000
 26810 multiletter control sequences out of 15000+600000
 34616 words of font info for 50 fonts, out of 8000000 for 9000
 1141 hyphenation exceptions out of 8191
 56i,7n,66p,9262b,553s stack positions out of 5000i,500n,10000p,200000b,80000s
{/usr/local/texlive/2018/texmf-dist/fonts/enc/dvips/base/8r.enc}</usr/local/t
exlive/2018/texmf-dist/fonts/type1/urw/helvetic/uhvb8a.pfb></usr/local/texlive/
2018/texmf-dist/fonts/type1/urw/times/utmb8a.pfb></usr/local/texlive/2018/texmf
-dist/fonts/type1/urw/times/utmr8a.pfb></usr/local/texlive/2018/texmf-dist/font
s/type1/urw/times/utmri8a.pfb>
Output written on digitale-bedingungen.pdf (15 pages, 73188 bytes).
PDF statistics:
 169 PDF objects out of 1000 (max. 8388607)
 141 compressed objects within 2 object streams
 29 named destinations out of 1000 (max. 500000)
 99 words of extra memory for PDF output out of 10000 (max. 10000000)

